result: A
split: 65
0: 65
result:  chat
split: 32
split: 99
split: 104
split: 97
split: 116
0: -60
1: 99
2: 104
3: 97
4: 116
result:  between
split: 32
split: 98
split: 101
split: 116
split: 119
split: 101
split: 101
split: 110
0: -60
1: 98
2: 101
3: 116
4: 119
5: 101
6: 101
7: 110
result:  a
split: 32
split: 97
0: -60
1: 97
result:  curious
split: 32
split: 99
split: 117
split: 114
split: 105
split: 111
split: 117
split: 115
0: -60
1: 99
2: 117
3: 114
4: 105
5: 111
6: 117
7: 115
result:  human
split: 32
split: 104
split: 117
split: 109
split: 97
split: 110
0: -60
1: 104
2: 117
3: 109
4: 97
5: 110
result:  and
split: 32
split: 97
split: 110
split: 100
0: -60
1: 97
2: 110
3: 100
result:  an
split: 32
split: 97
split: 110
0: -60
1: 97
2: 110
result:  artificial
split: 32
split: 97
split: 114
split: 116
split: 105
split: 102
split: 105
split: 99
split: 105
split: 97
split: 108
0: -60
1: 97
2: 114
3: 116
4: 105
5: 102
6: 105
7: 99
8: 105
9: 97
10: 108
result:  intelligence
split: 32
split: 105
split: 110
split: 116
split: 101
split: 108
split: 108
split: 105
split: 103
split: 101
split: 110
split: 99
split: 101
0: -60
1: 105
2: 110
3: 116
4: 101
5: 108
6: 108
7: 105
8: 103
9: 101
10: 110
11: 99
12: 101
result:  assistant
split: 32
split: 97
split: 115
split: 115
split: 105
split: 115
split: 116
split: 97
split: 110
split: 116
0: -60
1: 97
2: 115
3: 115
4: 105
5: 115
6: 116
7: 97
8: 110
9: 116
result: . 
split: 46
split: 32
0: 46
1: -60
result: The
split: 84
split: 104
split: 101
0: 84
1: 104
2: 101
result:  assistant
split: 32
split: 97
split: 115
split: 115
split: 105
split: 115
split: 116
split: 97
split: 110
split: 116
0: -60
1: 97
2: 115
3: 115
4: 105
5: 115
6: 116
7: 97
8: 110
9: 116
result:  gives
split: 32
split: 103
split: 105
split: 118
split: 101
split: 115
0: -60
1: 103
2: 105
3: 118
4: 101
5: 115
result:  helpful
split: 32
split: 104
split: 101
split: 108
split: 112
split: 102
split: 117
split: 108
0: -60
1: 104
2: 101
3: 108
4: 112
5: 102
6: 117
7: 108
result: , 
split: 44
split: 32
0: 44
1: -60
result: detailed
split: 100
split: 101
split: 116
split: 97
split: 105
split: 108
split: 101
split: 100
0: 100
1: 101
2: 116
3: 97
4: 105
5: 108
6: 101
7: 100
result: , 
split: 44
split: 32
0: 44
1: -60
result: and
split: 97
split: 110
split: 100
0: 97
1: 110
2: 100
result:  polite
split: 32
split: 112
split: 111
split: 108
split: 105
split: 116
split: 101
0: -60
1: 112
2: 111
3: 108
4: 105
5: 116
6: 101
result:  answers
split: 32
split: 97
split: 110
split: 115
split: 119
split: 101
split: 114
split: 115
0: -60
1: 97
2: 110
3: 115
4: 119
5: 101
6: 114
7: 115
result:  to
split: 32
split: 116
split: 111
0: -60
1: 116
2: 111
result:  the
split: 32
split: 116
split: 104
split: 101
0: -60
1: 116
2: 104
3: 101
result:  human
split: 32
split: 104
split: 117
split: 109
split: 97
split: 110
0: -60
1: 104
2: 117
3: 109
4: 97
5: 110
result: 's
split: 39
split: 115
0: 39
1: 115
result:  questions
split: 32
split: 113
split: 117
split: 101
split: 115
split: 116
split: 105
split: 111
split: 110
split: 115
0: -60
1: 113
2: 117
3: 101
4: 115
5: 116
6: 105
7: 111
8: 110
9: 115
result: .


split: 46
split: 10
split: 10
0: 46
1: -60
2: -60
result: Human
split: 72
split: 117
split: 109
split: 97
split: 110
0: 72
1: 117
2: 109
3: 97
4: 110
result:  
split: 32
0: -60
result: s
split: 115
0: 115
result: 今天还行哈
split: 228
split: 187
split: 138
split: 229
split: 164
split: 169
split: 232
split: 191
split: 152
split: 232
split: 161
split: 140
split: 229
split: 147
split: 136
0: -61
1: -62
2: -60
3: -61
4: -62
5: -62
6: -61
7: -62
8: -60
9: -61
10: -62
11: -60
12: -61
13: -60
14: -60
result: /
split: 47
0: 47
result: s
split: 115
0: 115
result: Assistant
split: 65
split: 115
split: 115
split: 105
split: 115
split: 116
split: 97
split: 110
split: 116
0: 65
1: 115
2: 115
3: 105
4: 115
5: 116
6: 97
7: 110
8: 116
result:  
split: 32
0: -60
result: s
split: 115
0: 115
--------------------------------------
|                 cache              |
--------------------------------------
first: Assistant
str: Ass
str: istant
first: 's
str: 's
first: Human
str: Human
first: Ġthe
str: Ġthe
first: .ĊĊ
str: .ĊĊ
first: Ġquestions
str: Ġquestions
first: Ġto
str: Ġto
first: Ġanswers
str: Ġanswers
first: and
str: and
first: ,Ġ
str: ,Ġ
first: Ġhelpful
str: Ġhelpful
first: Ġchat
str: Ġchat
first: Ġpolite
str: Ġpolite
first: Ġbetween
str: Ġbetween
first: Ġa
str: Ġa
first: Ġhuman
str: Ġhuman
first: Ġand
str: Ġand
first: Ġan
str: Ġan
first: Ġartificial
str: Ġartificial
first: ä»Ĭå¤©è¿ĺè¡ĮåĵĪ
str: ä»Ĭå¤©
str: è¿ĺ
str: è¡Į
str: åĵĪ
first: Ġgives
str: Ġgives
first: .Ġ
str: .Ġ
first: Ġintelligence
str: Ġintelligence
first: detailed
str: det
str: ailed
first: Ġassistant
str: Ġassistant
first: Ġcurious
str: Ġcurious
first: The
str: The
size: 27
[36, 44799, 5299, 267, 99579, 7384, 530, 660, 48763, 64225, 103800, 1865, 2175, 103800, 19502, 66799, 6550, 42928, 14644, 6550, 392, 214804, 41259, 427, 368, 7384, 1256, 11732, 6149, 114330, 210, 86, 15579, 2808, 1112, 7561, 18, 86, 9096, 61339, 210, 86]
[36, 44799, 5299, 267, 99579, 7384, 530, 660, 48763, 64225, 103800, 17, 1387, 103800, 19502, 66799, 15, 53180, 15, 530, 214804, 41259, 427, 368, 7384, 1256, 11732, 6149, 114330, 29, 210, 1, 15579, 2808, 1112, 7561, 2, 9096, 61339, 29, 210, 1]
[36, 44799, 5299, 267, 99579, 7384, 530, 660, 48763, 64225, 103800, 17, 1387, 103800, 19502, 66799, 15, 53180, 15, 530, 214804, 41259, 427, 368, 7384, 1256, 11732, 6149, 114330, 29, 210, 1, 15579, 2808, 1112, 2, 9096, 61339, 29, 210, 1]

size: 27
